{"__type":"$$EventMessageWorkflow","id":"00984cbf-8d84-4593-9174-1c5c0f8c5930","ts":"2024-10-03T16:40:47.216+00:00","eventName":"n8n.workflow.started","message":"n8n.workflow.started","payload":{"executionId":"80","workflowId":"fl3g7dJo7uhOLVso","isManual":false,"workflowName":"Backup to github"}}
{"__type":"$$EventMessageConfirm","confirm":"00984cbf-8d84-4593-9174-1c5c0f8c5930","ts":"2024-10-03T16:40:47.216+00:00","source":{"id":"0","name":"eventBus"}}
{"__type":"$$EventMessageNode","id":"013fe14b-828c-41d5-83e7-9c672c9f4fd7","ts":"2024-10-03T16:40:47.217+00:00","eventName":"n8n.node.started","message":"n8n.node.started","payload":{"workflowId":"fl3g7dJo7uhOLVso","workflowName":"Backup to github","executionId":"80","nodeType":"n8n-nodes-base.scheduleTrigger","nodeName":"Schedule Trigger"}}
{"__type":"$$EventMessageConfirm","confirm":"013fe14b-828c-41d5-83e7-9c672c9f4fd7","ts":"2024-10-03T16:40:47.217+00:00","source":{"id":"0","name":"eventBus"}}
{"__type":"$$EventMessageNode","id":"ec3ef1c9-406c-44bb-8083-59d0cc1d75af","ts":"2024-10-03T16:40:47.218+00:00","eventName":"n8n.node.finished","message":"n8n.node.finished","payload":{"workflowId":"fl3g7dJo7uhOLVso","workflowName":"Backup to github","executionId":"80","nodeType":"n8n-nodes-base.scheduleTrigger","nodeName":"Schedule Trigger"}}
{"__type":"$$EventMessageConfirm","confirm":"ec3ef1c9-406c-44bb-8083-59d0cc1d75af","ts":"2024-10-03T16:40:47.218+00:00","source":{"id":"0","name":"eventBus"}}
{"__type":"$$EventMessageNode","id":"b6860a62-77f5-4c86-9648-118711f4c8cf","ts":"2024-10-03T16:40:47.218+00:00","eventName":"n8n.node.started","message":"n8n.node.started","payload":{"workflowId":"fl3g7dJo7uhOLVso","workflowName":"Backup to github","executionId":"80","nodeType":"n8n-nodes-base.executeCommand","nodeName":"Save configs"}}
{"__type":"$$EventMessageConfirm","confirm":"b6860a62-77f5-4c86-9648-118711f4c8cf","ts":"2024-10-03T16:40:47.218+00:00","source":{"id":"0","name":"eventBus"}}
{"__type":"$$EventMessageNode","id":"f052f4ec-c493-4016-90c1-8941e10537b9","ts":"2024-10-03T16:40:57.036+00:00","eventName":"n8n.node.finished","message":"n8n.node.finished","payload":{"workflowId":"fl3g7dJo7uhOLVso","workflowName":"Backup to github","executionId":"80","nodeType":"n8n-nodes-base.executeCommand","nodeName":"Save configs"}}
{"__type":"$$EventMessageConfirm","confirm":"f052f4ec-c493-4016-90c1-8941e10537b9","ts":"2024-10-03T16:40:57.036+00:00","source":{"id":"0","name":"eventBus"}}
{"__type":"$$EventMessageWorkflow","id":"d6a594f4-6be1-47ca-889f-60234c7202f6","ts":"2024-10-03T16:40:57.066+00:00","eventName":"n8n.workflow.success","message":"n8n.workflow.success","payload":{"executionId":"80","success":true,"isManual":false,"workflowId":"fl3g7dJo7uhOLVso","workflowName":"Backup to github"}}
{"__type":"$$EventMessageConfirm","confirm":"d6a594f4-6be1-47ca-889f-60234c7202f6","ts":"2024-10-03T16:40:57.066+00:00","source":{"id":"0","name":"eventBus"}}
{"__type":"$$EventMessageWorkflow","id":"14b0fad5-f695-4066-8e9d-950d53a2fdf5","ts":"2024-10-03T16:50:47.137+00:00","eventName":"n8n.workflow.started","message":"n8n.workflow.started","payload":{"executionId":"81","workflowId":"fl3g7dJo7uhOLVso","isManual":false,"workflowName":"Backup to github"}}
{"__type":"$$EventMessageConfirm","confirm":"14b0fad5-f695-4066-8e9d-950d53a2fdf5","ts":"2024-10-03T16:50:47.137+00:00","source":{"id":"0","name":"eventBus"}}
{"__type":"$$EventMessageNode","id":"1cf79853-2948-4a62-9198-e25826368d7d","ts":"2024-10-03T16:50:47.137+00:00","eventName":"n8n.node.started","message":"n8n.node.started","payload":{"workflowId":"fl3g7dJo7uhOLVso","workflowName":"Backup to github","executionId":"81","nodeType":"n8n-nodes-base.scheduleTrigger","nodeName":"Schedule Trigger"}}
{"__type":"$$EventMessageConfirm","confirm":"1cf79853-2948-4a62-9198-e25826368d7d","ts":"2024-10-03T16:50:47.137+00:00","source":{"id":"0","name":"eventBus"}}
{"__type":"$$EventMessageNode","id":"2c06a066-7131-4a30-bc14-a13b168034d5","ts":"2024-10-03T16:50:47.137+00:00","eventName":"n8n.node.finished","message":"n8n.node.finished","payload":{"workflowId":"fl3g7dJo7uhOLVso","workflowName":"Backup to github","executionId":"81","nodeType":"n8n-nodes-base.scheduleTrigger","nodeName":"Schedule Trigger"}}
{"__type":"$$EventMessageConfirm","confirm":"2c06a066-7131-4a30-bc14-a13b168034d5","ts":"2024-10-03T16:50:47.137+00:00","source":{"id":"0","name":"eventBus"}}
{"__type":"$$EventMessageNode","id":"61be7900-42a0-4b8f-8ed4-21f76fc42b3e","ts":"2024-10-03T16:50:47.138+00:00","eventName":"n8n.node.started","message":"n8n.node.started","payload":{"workflowId":"fl3g7dJo7uhOLVso","workflowName":"Backup to github","executionId":"81","nodeType":"n8n-nodes-base.executeCommand","nodeName":"Save configs"}}
{"__type":"$$EventMessageConfirm","confirm":"61be7900-42a0-4b8f-8ed4-21f76fc42b3e","ts":"2024-10-03T16:50:47.138+00:00","source":{"id":"0","name":"eventBus"}}
