{"__type":"$$EventMessageWorkflow","id":"4b1d28a0-5c06-4cbb-b863-24a223bdad13","ts":"2024-11-02T16:40:25.203+00:00","eventName":"n8n.workflow.started","message":"n8n.workflow.started","payload":{"executionId":"168","workflowId":"fl3g7dJo7uhOLVso","isManual":false,"workflowName":"Backup to github"}}
{"__type":"$$EventMessageConfirm","confirm":"4b1d28a0-5c06-4cbb-b863-24a223bdad13","ts":"2024-11-02T16:40:25.291+00:00","source":{"id":"0","name":"eventBus"}}
{"__type":"$$EventMessageNode","id":"dbbc60ab-04b7-4fcf-ae2f-48cfa86c94af","ts":"2024-11-02T16:40:25.291+00:00","eventName":"n8n.node.started","message":"n8n.node.started","payload":{"workflowId":"fl3g7dJo7uhOLVso","workflowName":"Backup to github","executionId":"168","nodeType":"n8n-nodes-base.scheduleTrigger","nodeName":"Schedule Trigger"}}
{"__type":"$$EventMessageConfirm","confirm":"dbbc60ab-04b7-4fcf-ae2f-48cfa86c94af","ts":"2024-11-02T16:40:25.292+00:00","source":{"id":"0","name":"eventBus"}}
{"__type":"$$EventMessageNode","id":"ac3b9571-746c-4c17-a735-7fa00785427a","ts":"2024-11-02T16:40:25.293+00:00","eventName":"n8n.node.finished","message":"n8n.node.finished","payload":{"workflowId":"fl3g7dJo7uhOLVso","workflowName":"Backup to github","executionId":"168","nodeType":"n8n-nodes-base.scheduleTrigger","nodeName":"Schedule Trigger"}}
{"__type":"$$EventMessageConfirm","confirm":"ac3b9571-746c-4c17-a735-7fa00785427a","ts":"2024-11-02T16:40:25.293+00:00","source":{"id":"0","name":"eventBus"}}
{"__type":"$$EventMessageNode","id":"0e68a701-7490-4e4f-91e0-8d609eae6d2d","ts":"2024-11-02T16:40:25.293+00:00","eventName":"n8n.node.started","message":"n8n.node.started","payload":{"workflowId":"fl3g7dJo7uhOLVso","workflowName":"Backup to github","executionId":"168","nodeType":"n8n-nodes-base.executeCommand","nodeName":"Save configs"}}
{"__type":"$$EventMessageConfirm","confirm":"0e68a701-7490-4e4f-91e0-8d609eae6d2d","ts":"2024-11-02T16:40:25.293+00:00","source":{"id":"0","name":"eventBus"}}
{"__type":"$$EventMessageNode","id":"0b89fea8-2034-462f-8d2d-d9b99fd3af6b","ts":"2024-11-02T16:40:32.038+00:00","eventName":"n8n.node.finished","message":"n8n.node.finished","payload":{"workflowId":"fl3g7dJo7uhOLVso","workflowName":"Backup to github","executionId":"168","nodeType":"n8n-nodes-base.executeCommand","nodeName":"Save configs"}}
{"__type":"$$EventMessageConfirm","confirm":"0b89fea8-2034-462f-8d2d-d9b99fd3af6b","ts":"2024-11-02T16:40:32.039+00:00","source":{"id":"0","name":"eventBus"}}
{"__type":"$$EventMessageWorkflow","id":"787c69fb-2933-4886-89a1-f0518c1f1f56","ts":"2024-11-02T16:40:32.061+00:00","eventName":"n8n.workflow.success","message":"n8n.workflow.success","payload":{"executionId":"168","success":true,"isManual":false,"workflowId":"fl3g7dJo7uhOLVso","workflowName":"Backup to github"}}
{"__type":"$$EventMessageConfirm","confirm":"787c69fb-2933-4886-89a1-f0518c1f1f56","ts":"2024-11-02T16:40:32.090+00:00","source":{"id":"0","name":"eventBus"}}
{"__type":"$$EventMessageWorkflow","id":"e13a2b7f-d477-437e-9bdb-914d82dc3b0a","ts":"2024-11-02T16:50:25.110+00:00","eventName":"n8n.workflow.started","message":"n8n.workflow.started","payload":{"executionId":"169","workflowId":"fl3g7dJo7uhOLVso","isManual":false,"workflowName":"Backup to github"}}
{"__type":"$$EventMessageConfirm","confirm":"e13a2b7f-d477-437e-9bdb-914d82dc3b0a","ts":"2024-11-02T16:50:25.111+00:00","source":{"id":"0","name":"eventBus"}}
{"__type":"$$EventMessageNode","id":"af3a1e54-0fe0-416d-a18d-e24e0620bfa6","ts":"2024-11-02T16:50:25.111+00:00","eventName":"n8n.node.started","message":"n8n.node.started","payload":{"workflowId":"fl3g7dJo7uhOLVso","workflowName":"Backup to github","executionId":"169","nodeType":"n8n-nodes-base.scheduleTrigger","nodeName":"Schedule Trigger"}}
{"__type":"$$EventMessageConfirm","confirm":"af3a1e54-0fe0-416d-a18d-e24e0620bfa6","ts":"2024-11-02T16:50:25.111+00:00","source":{"id":"0","name":"eventBus"}}
{"__type":"$$EventMessageNode","id":"8b78c21e-4816-44a9-9137-68f3746380a7","ts":"2024-11-02T16:50:25.111+00:00","eventName":"n8n.node.finished","message":"n8n.node.finished","payload":{"workflowId":"fl3g7dJo7uhOLVso","workflowName":"Backup to github","executionId":"169","nodeType":"n8n-nodes-base.scheduleTrigger","nodeName":"Schedule Trigger"}}
{"__type":"$$EventMessageConfirm","confirm":"8b78c21e-4816-44a9-9137-68f3746380a7","ts":"2024-11-02T16:50:25.111+00:00","source":{"id":"0","name":"eventBus"}}
{"__type":"$$EventMessageNode","id":"525a266a-dcb7-4394-a9d8-05d738b54ae6","ts":"2024-11-02T16:50:25.111+00:00","eventName":"n8n.node.started","message":"n8n.node.started","payload":{"workflowId":"fl3g7dJo7uhOLVso","workflowName":"Backup to github","executionId":"169","nodeType":"n8n-nodes-base.executeCommand","nodeName":"Save configs"}}
{"__type":"$$EventMessageConfirm","confirm":"525a266a-dcb7-4394-a9d8-05d738b54ae6","ts":"2024-11-02T16:50:25.111+00:00","source":{"id":"0","name":"eventBus"}}
