{"__type":"$$EventMessageWorkflow","id":"eda12acf-cece-429f-aa97-cb9a2f5f58ef","ts":"2024-10-03T09:00:28.359+00:00","eventName":"n8n.workflow.started","message":"n8n.workflow.started","payload":{"executionId":"34","workflowId":"fl3g7dJo7uhOLVso","isManual":false,"workflowName":"Backup to github"}}
{"__type":"$$EventMessageConfirm","confirm":"eda12acf-cece-429f-aa97-cb9a2f5f58ef","ts":"2024-10-03T09:00:28.360+00:00","source":{"id":"0","name":"eventBus"}}
{"__type":"$$EventMessageNode","id":"61715360-5b74-4439-8ae5-2f28109173b5","ts":"2024-10-03T09:00:28.360+00:00","eventName":"n8n.node.started","message":"n8n.node.started","payload":{"workflowId":"fl3g7dJo7uhOLVso","workflowName":"Backup to github","executionId":"34","nodeType":"n8n-nodes-base.scheduleTrigger","nodeName":"Schedule Trigger"}}
{"__type":"$$EventMessageConfirm","confirm":"61715360-5b74-4439-8ae5-2f28109173b5","ts":"2024-10-03T09:00:28.360+00:00","source":{"id":"0","name":"eventBus"}}
{"__type":"$$EventMessageNode","id":"d365953a-ca84-49c9-849b-ce2ecb707e37","ts":"2024-10-03T09:00:28.361+00:00","eventName":"n8n.node.finished","message":"n8n.node.finished","payload":{"workflowId":"fl3g7dJo7uhOLVso","workflowName":"Backup to github","executionId":"34","nodeType":"n8n-nodes-base.scheduleTrigger","nodeName":"Schedule Trigger"}}
{"__type":"$$EventMessageConfirm","confirm":"d365953a-ca84-49c9-849b-ce2ecb707e37","ts":"2024-10-03T09:00:28.362+00:00","source":{"id":"0","name":"eventBus"}}
{"__type":"$$EventMessageNode","id":"d81e477c-95dd-45e8-baba-8b4380d123d6","ts":"2024-10-03T09:00:28.362+00:00","eventName":"n8n.node.started","message":"n8n.node.started","payload":{"workflowId":"fl3g7dJo7uhOLVso","workflowName":"Backup to github","executionId":"34","nodeType":"n8n-nodes-base.executeCommand","nodeName":"Save configs"}}
{"__type":"$$EventMessageConfirm","confirm":"d81e477c-95dd-45e8-baba-8b4380d123d6","ts":"2024-10-03T09:00:28.362+00:00","source":{"id":"0","name":"eventBus"}}
{"__type":"$$EventMessageNode","id":"42d657b4-522b-4a6c-97d4-f252c113ba84","ts":"2024-10-03T09:00:40.558+00:00","eventName":"n8n.node.finished","message":"n8n.node.finished","payload":{"workflowId":"fl3g7dJo7uhOLVso","workflowName":"Backup to github","executionId":"34","nodeType":"n8n-nodes-base.executeCommand","nodeName":"Save configs"}}
{"__type":"$$EventMessageConfirm","confirm":"42d657b4-522b-4a6c-97d4-f252c113ba84","ts":"2024-10-03T09:00:40.558+00:00","source":{"id":"0","name":"eventBus"}}
{"__type":"$$EventMessageWorkflow","id":"ec2d4199-d503-404f-8938-d2e8f42b77b5","ts":"2024-10-03T09:00:41.236+00:00","eventName":"n8n.workflow.success","message":"n8n.workflow.success","payload":{"executionId":"34","success":true,"isManual":false,"workflowId":"fl3g7dJo7uhOLVso","workflowName":"Backup to github"}}
{"__type":"$$EventMessageConfirm","confirm":"ec2d4199-d503-404f-8938-d2e8f42b77b5","ts":"2024-10-03T09:00:41.237+00:00","source":{"id":"0","name":"eventBus"}}
{"__type":"$$EventMessageWorkflow","id":"0d4841b2-0995-414f-8cb0-28e43a0809c8","ts":"2024-10-03T09:10:28.212+00:00","eventName":"n8n.workflow.started","message":"n8n.workflow.started","payload":{"executionId":"35","workflowId":"fl3g7dJo7uhOLVso","isManual":false,"workflowName":"Backup to github"}}
{"__type":"$$EventMessageConfirm","confirm":"0d4841b2-0995-414f-8cb0-28e43a0809c8","ts":"2024-10-03T09:10:28.212+00:00","source":{"id":"0","name":"eventBus"}}
{"__type":"$$EventMessageNode","id":"0612fe33-c3ec-4b3e-b9f4-02dc5ac8e407","ts":"2024-10-03T09:10:28.212+00:00","eventName":"n8n.node.started","message":"n8n.node.started","payload":{"workflowId":"fl3g7dJo7uhOLVso","workflowName":"Backup to github","executionId":"35","nodeType":"n8n-nodes-base.scheduleTrigger","nodeName":"Schedule Trigger"}}
{"__type":"$$EventMessageConfirm","confirm":"0612fe33-c3ec-4b3e-b9f4-02dc5ac8e407","ts":"2024-10-03T09:10:28.212+00:00","source":{"id":"0","name":"eventBus"}}
{"__type":"$$EventMessageNode","id":"b90c0800-54b2-453d-b86c-d908eb988d38","ts":"2024-10-03T09:10:28.213+00:00","eventName":"n8n.node.finished","message":"n8n.node.finished","payload":{"workflowId":"fl3g7dJo7uhOLVso","workflowName":"Backup to github","executionId":"35","nodeType":"n8n-nodes-base.scheduleTrigger","nodeName":"Schedule Trigger"}}
{"__type":"$$EventMessageConfirm","confirm":"b90c0800-54b2-453d-b86c-d908eb988d38","ts":"2024-10-03T09:10:28.213+00:00","source":{"id":"0","name":"eventBus"}}
{"__type":"$$EventMessageNode","id":"b2698457-8589-4102-bb01-98549ed15a2b","ts":"2024-10-03T09:10:28.213+00:00","eventName":"n8n.node.started","message":"n8n.node.started","payload":{"workflowId":"fl3g7dJo7uhOLVso","workflowName":"Backup to github","executionId":"35","nodeType":"n8n-nodes-base.executeCommand","nodeName":"Save configs"}}
{"__type":"$$EventMessageConfirm","confirm":"b2698457-8589-4102-bb01-98549ed15a2b","ts":"2024-10-03T09:10:28.213+00:00","source":{"id":"0","name":"eventBus"}}
