{"__type":"$$EventMessageWorkflow","id":"3a632591-e646-4b5d-abe7-b95837177ae0","ts":"2024-10-03T13:40:49.164+00:00","eventName":"n8n.workflow.started","message":"n8n.workflow.started","payload":{"executionId":"62","workflowId":"fl3g7dJo7uhOLVso","isManual":false,"workflowName":"Backup to github"}}
{"__type":"$$EventMessageConfirm","confirm":"3a632591-e646-4b5d-abe7-b95837177ae0","ts":"2024-10-03T13:40:49.164+00:00","source":{"id":"0","name":"eventBus"}}
{"__type":"$$EventMessageNode","id":"e71d0631-82e9-44c2-b2cb-fef1b7eea3c3","ts":"2024-10-03T13:40:49.165+00:00","eventName":"n8n.node.started","message":"n8n.node.started","payload":{"workflowId":"fl3g7dJo7uhOLVso","workflowName":"Backup to github","executionId":"62","nodeType":"n8n-nodes-base.scheduleTrigger","nodeName":"Schedule Trigger"}}
{"__type":"$$EventMessageConfirm","confirm":"e71d0631-82e9-44c2-b2cb-fef1b7eea3c3","ts":"2024-10-03T13:40:49.165+00:00","source":{"id":"0","name":"eventBus"}}
{"__type":"$$EventMessageNode","id":"d11ad9fc-a958-4c37-9a68-49d98a31f64e","ts":"2024-10-03T13:40:49.166+00:00","eventName":"n8n.node.finished","message":"n8n.node.finished","payload":{"workflowId":"fl3g7dJo7uhOLVso","workflowName":"Backup to github","executionId":"62","nodeType":"n8n-nodes-base.scheduleTrigger","nodeName":"Schedule Trigger"}}
{"__type":"$$EventMessageConfirm","confirm":"d11ad9fc-a958-4c37-9a68-49d98a31f64e","ts":"2024-10-03T13:40:49.166+00:00","source":{"id":"0","name":"eventBus"}}
{"__type":"$$EventMessageNode","id":"68a5d174-75dc-4ea5-b216-0503f65c5896","ts":"2024-10-03T13:40:49.166+00:00","eventName":"n8n.node.started","message":"n8n.node.started","payload":{"workflowId":"fl3g7dJo7uhOLVso","workflowName":"Backup to github","executionId":"62","nodeType":"n8n-nodes-base.executeCommand","nodeName":"Save configs"}}
{"__type":"$$EventMessageConfirm","confirm":"68a5d174-75dc-4ea5-b216-0503f65c5896","ts":"2024-10-03T13:40:49.166+00:00","source":{"id":"0","name":"eventBus"}}
{"__type":"$$EventMessageNode","id":"6f4712f0-f3a4-4081-8fb6-f87dbb6cd12a","ts":"2024-10-03T13:40:58.140+00:00","eventName":"n8n.node.finished","message":"n8n.node.finished","payload":{"workflowId":"fl3g7dJo7uhOLVso","workflowName":"Backup to github","executionId":"62","nodeType":"n8n-nodes-base.executeCommand","nodeName":"Save configs"}}
{"__type":"$$EventMessageConfirm","confirm":"6f4712f0-f3a4-4081-8fb6-f87dbb6cd12a","ts":"2024-10-03T13:40:58.141+00:00","source":{"id":"0","name":"eventBus"}}
{"__type":"$$EventMessageWorkflow","id":"8b2bbb39-589d-4f3c-9fea-0b3024ed353a","ts":"2024-10-03T13:40:58.200+00:00","eventName":"n8n.workflow.success","message":"n8n.workflow.success","payload":{"executionId":"62","success":true,"isManual":false,"workflowId":"fl3g7dJo7uhOLVso","workflowName":"Backup to github"}}
{"__type":"$$EventMessageConfirm","confirm":"8b2bbb39-589d-4f3c-9fea-0b3024ed353a","ts":"2024-10-03T13:40:58.200+00:00","source":{"id":"0","name":"eventBus"}}
{"__type":"$$EventMessageWorkflow","id":"b1a057b9-1875-4ffc-b013-90c265bf46d9","ts":"2024-10-03T13:50:49.067+00:00","eventName":"n8n.workflow.started","message":"n8n.workflow.started","payload":{"executionId":"63","workflowId":"fl3g7dJo7uhOLVso","isManual":false,"workflowName":"Backup to github"}}
{"__type":"$$EventMessageConfirm","confirm":"b1a057b9-1875-4ffc-b013-90c265bf46d9","ts":"2024-10-03T13:50:49.068+00:00","source":{"id":"0","name":"eventBus"}}
{"__type":"$$EventMessageNode","id":"6d19fb33-ffdb-49d3-811f-b46d657d2711","ts":"2024-10-03T13:50:49.068+00:00","eventName":"n8n.node.started","message":"n8n.node.started","payload":{"workflowId":"fl3g7dJo7uhOLVso","workflowName":"Backup to github","executionId":"63","nodeType":"n8n-nodes-base.scheduleTrigger","nodeName":"Schedule Trigger"}}
{"__type":"$$EventMessageConfirm","confirm":"6d19fb33-ffdb-49d3-811f-b46d657d2711","ts":"2024-10-03T13:50:49.068+00:00","source":{"id":"0","name":"eventBus"}}
{"__type":"$$EventMessageNode","id":"69c4572d-e027-4b3a-8348-40792caa3bd4","ts":"2024-10-03T13:50:49.069+00:00","eventName":"n8n.node.finished","message":"n8n.node.finished","payload":{"workflowId":"fl3g7dJo7uhOLVso","workflowName":"Backup to github","executionId":"63","nodeType":"n8n-nodes-base.scheduleTrigger","nodeName":"Schedule Trigger"}}
{"__type":"$$EventMessageConfirm","confirm":"69c4572d-e027-4b3a-8348-40792caa3bd4","ts":"2024-10-03T13:50:49.069+00:00","source":{"id":"0","name":"eventBus"}}
{"__type":"$$EventMessageNode","id":"23e17fa8-62c4-4fb9-8be8-482ca253b5c0","ts":"2024-10-03T13:50:49.069+00:00","eventName":"n8n.node.started","message":"n8n.node.started","payload":{"workflowId":"fl3g7dJo7uhOLVso","workflowName":"Backup to github","executionId":"63","nodeType":"n8n-nodes-base.executeCommand","nodeName":"Save configs"}}
{"__type":"$$EventMessageConfirm","confirm":"23e17fa8-62c4-4fb9-8be8-482ca253b5c0","ts":"2024-10-03T13:50:49.069+00:00","source":{"id":"0","name":"eventBus"}}
