{"level":"info","message":"Initializing n8n process","metadata":{"file":"start.js","function":"init","timestamp":"2024-09-26T02:01:19.752Z"}}
{"level":"info","message":"n8n ready on 0.0.0.0, port 80","metadata":{"file":"abstract-server.js","function":"init","timestamp":"2024-09-26T02:01:23.346Z"}}
{"level":"warn","message":"Migrations in progress, please do NOT stop the process.","metadata":{"file":"migration-helpers.js","function":"logMigrationStart","timestamp":"2024-09-26T02:01:23.365Z"}}
{"level":"info","message":"Starting migration InitialMigration1588102412422","metadata":{"file":"migration-helpers.js","function":"logMigrationStart","timestamp":"2024-09-26T02:01:23.365Z"}}
{"level":"info","message":"Finished migration InitialMigration1588102412422","metadata":{"file":"migration-helpers.js","function":"logMigrationEnd","timestamp":"2024-09-26T02:01:23.368Z"}}
{"level":"info","message":"Starting migration WebhookModel1592445003908","metadata":{"file":"migration-helpers.js","function":"logMigrationStart","timestamp":"2024-09-26T02:01:23.455Z"}}
{"level":"info","message":"Finished migration WebhookModel1592445003908","metadata":{"file":"migration-helpers.js","function":"logMigrationEnd","timestamp":"2024-09-26T02:01:23.456Z"}}
{"level":"info","message":"Starting migration CreateIndexStoppedAt1594825041918","metadata":{"file":"migration-helpers.js","function":"logMigrationStart","timestamp":"2024-09-26T02:01:23.465Z"}}
{"level":"info","message":"Finished migration CreateIndexStoppedAt1594825041918","metadata":{"file":"migration-helpers.js","function":"logMigrationEnd","timestamp":"2024-09-26T02:01:23.466Z"}}
{"level":"info","message":"Starting migration MakeStoppedAtNullable1607431743769","metadata":{"file":"migration-helpers.js","function":"logMigrationStart","timestamp":"2024-09-26T02:01:23.475Z"}}
{"level":"info","message":"Finished migration MakeStoppedAtNullable1607431743769","metadata":{"file":"migration-helpers.js","function":"logMigrationEnd","timestamp":"2024-09-26T02:01:23.477Z"}}
{"level":"info","message":"Starting migration AddWebhookId1611071044839","metadata":{"file":"migration-helpers.js","function":"logMigrationStart","timestamp":"2024-09-26T02:01:23.484Z"}}
{"level":"info","message":"Finished migration AddWebhookId1611071044839","metadata":{"file":"migration-helpers.js","function":"logMigrationEnd","timestamp":"2024-09-26T02:01:23.551Z"}}
{"level":"info","message":"Starting migration CreateTagEntity1617213344594","metadata":{"file":"migration-helpers.js","function":"logMigrationStart","timestamp":"2024-09-26T02:01:23.561Z"}}
{"level":"info","message":"Finished migration CreateTagEntity1617213344594","metadata":{"file":"migration-helpers.js","function":"logMigrationEnd","timestamp":"2024-09-26T02:01:23.569Z"}}
{"level":"info","message":"Starting migration UniqueWorkflowNames1620821879465","metadata":{"file":"migration-helpers.js","function":"logMigrationStart","timestamp":"2024-09-26T02:01:23.577Z"}}
{"level":"info","message":"Finished migration UniqueWorkflowNames1620821879465","metadata":{"file":"migration-helpers.js","function":"logMigrationEnd","timestamp":"2024-09-26T02:01:23.578Z"}}
{"level":"info","message":"Starting migration AddWaitColumn1621707690587","metadata":{"file":"migration-helpers.js","function":"logMigrationStart","timestamp":"2024-09-26T02:01:23.654Z"}}
{"level":"info","message":"Finished migration AddWaitColumn1621707690587","metadata":{"file":"migration-helpers.js","function":"logMigrationEnd","timestamp":"2024-09-26T02:01:23.656Z"}}
{"level":"info","message":"Starting migration UpdateWorkflowCredentials1630330987096","metadata":{"file":"migration-helpers.js","function":"logMigrationStart","timestamp":"2024-09-26T02:01:23.665Z"}}
{"level":"info","message":"Finished migration UpdateWorkflowCredentials1630330987096","metadata":{"file":"migration-helpers.js","function":"logMigrationEnd","timestamp":"2024-09-26T02:01:23.667Z"}}
{"level":"info","message":"Starting migration AddExecutionEntityIndexes1644421939510","metadata":{"file":"migration-helpers.js","function":"logMigrationStart","timestamp":"2024-09-26T02:01:23.673Z"}}
{"level":"info","message":"Finished migration AddExecutionEntityIndexes1644421939510","metadata":{"file":"migration-helpers.js","function":"logMigrationEnd","timestamp":"2024-09-26T02:01:23.675Z"}}
{"level":"info","message":"Starting migration CreateUserManagement1646992772331","metadata":{"file":"migration-helpers.js","function":"logMigrationStart","timestamp":"2024-09-26T02:01:23.684Z"}}
{"level":"info","message":"Finished migration CreateUserManagement1646992772331","metadata":{"file":"migration-helpers.js","function":"logMigrationEnd","timestamp":"2024-09-26T02:01:23.752Z"}}
{"level":"info","message":"Starting migration LowerCaseUserEmail1648740597343","metadata":{"file":"migration-helpers.js","function":"logMigrationStart","timestamp":"2024-09-26T02:01:23.761Z"}}
{"level":"info","message":"Finished migration LowerCaseUserEmail1648740597343","metadata":{"file":"migration-helpers.js","function":"logMigrationEnd","timestamp":"2024-09-26T02:01:23.762Z"}}
{"level":"info","message":"Starting migration CommunityNodes1652254514001","metadata":{"file":"migration-helpers.js","function":"logMigrationStart","timestamp":"2024-09-26T02:01:23.854Z"}}
{"level":"info","message":"Finished migration CommunityNodes1652254514001","metadata":{"file":"migration-helpers.js","function":"logMigrationEnd","timestamp":"2024-09-26T02:01:23.856Z"}}
{"level":"info","message":"Starting migration AddUserSettings1652367743993","metadata":{"file":"migration-helpers.js","function":"logMigrationStart","timestamp":"2024-09-26T02:01:23.863Z"}}
{"level":"info","message":"Finished migration AddUserSettings1652367743993","metadata":{"file":"migration-helpers.js","function":"logMigrationEnd","timestamp":"2024-09-26T02:01:23.874Z"}}
{"level":"info","message":"Starting migration AddAPIKeyColumn1652905585850","metadata":{"file":"migration-helpers.js","function":"logMigrationStart","timestamp":"2024-09-26T02:01:23.881Z"}}
{"level":"info","message":"Finished migration AddAPIKeyColumn1652905585850","metadata":{"file":"migration-helpers.js","function":"logMigrationEnd","timestamp":"2024-09-26T02:01:23.895Z"}}
{"level":"info","message":"Starting migration IntroducePinData1654089251344","metadata":{"file":"migration-helpers.js","function":"logMigrationStart","timestamp":"2024-09-26T02:01:23.952Z"}}
{"level":"info","message":"Finished migration IntroducePinData1654089251344","metadata":{"file":"migration-helpers.js","function":"logMigrationEnd","timestamp":"2024-09-26T02:01:23.953Z"}}
{"level":"info","message":"Starting migration AddNodeIds1658930531669","metadata":{"file":"migration-helpers.js","function":"logMigrationStart","timestamp":"2024-09-26T02:01:23.960Z"}}
{"level":"info","message":"Finished migration AddNodeIds1658930531669","metadata":{"file":"migration-helpers.js","function":"logMigrationEnd","timestamp":"2024-09-26T02:01:23.962Z"}}
{"level":"info","message":"Starting migration AddJsonKeyPinData1659888469333","metadata":{"file":"migration-helpers.js","function":"logMigrationStart","timestamp":"2024-09-26T02:01:23.970Z"}}
{"level":"info","message":"Finished migration AddJsonKeyPinData1659888469333","metadata":{"file":"migration-helpers.js","function":"logMigrationEnd","timestamp":"2024-09-26T02:01:23.977Z"}}
{"level":"info","message":"Starting migration CreateCredentialsUserRole1660062385367","metadata":{"file":"migration-helpers.js","function":"logMigrationStart","timestamp":"2024-09-26T02:01:24.053Z"}}
{"level":"info","message":"Finished migration CreateCredentialsUserRole1660062385367","metadata":{"file":"migration-helpers.js","function":"logMigrationEnd","timestamp":"2024-09-26T02:01:24.054Z"}}
{"level":"info","message":"Starting migration CreateWorkflowsEditorRole1663755770892","metadata":{"file":"migration-helpers.js","function":"logMigrationStart","timestamp":"2024-09-26T02:01:24.060Z"}}
{"level":"info","message":"Finished migration CreateWorkflowsEditorRole1663755770892","metadata":{"file":"migration-helpers.js","function":"logMigrationEnd","timestamp":"2024-09-26T02:01:24.060Z"}}
{"level":"info","message":"Starting migration WorkflowStatistics1664196174000","metadata":{"file":"migration-helpers.js","function":"logMigrationStart","timestamp":"2024-09-26T02:01:24.069Z"}}
{"level":"info","message":"Finished migration WorkflowStatistics1664196174000","metadata":{"file":"migration-helpers.js","function":"logMigrationEnd","timestamp":"2024-09-26T02:01:24.071Z"}}
{"level":"info","message":"Starting migration CreateCredentialUsageTable1665484192211","metadata":{"file":"migration-helpers.js","function":"logMigrationStart","timestamp":"2024-09-26T02:01:24.076Z"}}
{"level":"info","message":"Finished migration CreateCredentialUsageTable1665484192211","metadata":{"file":"migration-helpers.js","function":"logMigrationEnd","timestamp":"2024-09-26T02:01:24.077Z"}}
{"level":"info","message":"Starting migration RemoveCredentialUsageTable1665754637024","metadata":{"file":"migration-helpers.js","function":"logMigrationStart","timestamp":"2024-09-26T02:01:24.085Z"}}
{"level":"info","message":"Finished migration RemoveCredentialUsageTable1665754637024","metadata":{"file":"migration-helpers.js","function":"logMigrationEnd","timestamp":"2024-09-26T02:01:24.086Z"}}
{"level":"info","message":"Starting migration AddWorkflowVersionIdColumn1669739707124","metadata":{"file":"migration-helpers.js","function":"logMigrationStart","timestamp":"2024-09-26T02:01:24.145Z"}}
{"level":"info","message":"Finished migration AddWorkflowVersionIdColumn1669739707124","metadata":{"file":"migration-helpers.js","function":"logMigrationEnd","timestamp":"2024-09-26T02:01:24.147Z"}}
{"level":"info","message":"Starting migration AddTriggerCountColumn1669823906993","metadata":{"file":"migration-helpers.js","function":"logMigrationStart","timestamp":"2024-09-26T02:01:24.153Z"}}
{"level":"info","message":"Finished migration AddTriggerCountColumn1669823906993","metadata":{"file":"migration-helpers.js","function":"logMigrationEnd","timestamp":"2024-09-26T02:01:24.153Z"}}
{"level":"info","message":"Starting migration MessageEventBusDestinations1671535397530","metadata":{"file":"migration-helpers.js","function":"logMigrationStart","timestamp":"2024-09-26T02:01:24.161Z"}}
{"level":"info","message":"Finished migration MessageEventBusDestinations1671535397530","metadata":{"file":"migration-helpers.js","function":"logMigrationEnd","timestamp":"2024-09-26T02:01:24.162Z"}}
{"level":"info","message":"Starting migration RemoveWorkflowDataLoadedFlag1671726148419","metadata":{"file":"migration-helpers.js","function":"logMigrationStart","timestamp":"2024-09-26T02:01:24.168Z"}}
{"level":"info","message":"Finished migration RemoveWorkflowDataLoadedFlag1671726148419","metadata":{"file":"migration-helpers.js","function":"logMigrationEnd","timestamp":"2024-09-26T02:01:24.169Z"}}
{"level":"info","message":"Starting migration DeleteExecutionsWithWorkflows1673268682475","metadata":{"file":"migration-helpers.js","function":"logMigrationStart","timestamp":"2024-09-26T02:01:24.176Z"}}
{"level":"info","message":"Finished migration DeleteExecutionsWithWorkflows1673268682475","metadata":{"file":"migration-helpers.js","function":"logMigrationEnd","timestamp":"2024-09-26T02:01:24.319Z"}}
{"level":"info","message":"Starting migration AddStatusToExecutions1674138566000","metadata":{"file":"migration-helpers.js","function":"logMigrationStart","timestamp":"2024-09-26T02:01:24.335Z"}}
{"level":"info","message":"Finished migration AddStatusToExecutions1674138566000","metadata":{"file":"migration-helpers.js","function":"logMigrationEnd","timestamp":"2024-09-26T02:01:24.340Z"}}
{"level":"info","message":"Starting migration CreateLdapEntities1674509946020","metadata":{"file":"migration-helpers.js","function":"logMigrationStart","timestamp":"2024-09-26T02:01:24.352Z"}}
{"level":"info","message":"Finished migration CreateLdapEntities1674509946020","metadata":{"file":"migration-helpers.js","function":"logMigrationEnd","timestamp":"2024-09-26T02:01:24.355Z"}}
{"level":"info","message":"Starting migration PurgeInvalidWorkflowConnections1675940580449","metadata":{"file":"migration-helpers.js","function":"logMigrationStart","timestamp":"2024-09-26T02:01:24.361Z"}}
{"level":"info","message":"Finished migration PurgeInvalidWorkflowConnections1675940580449","metadata":{"file":"migration-helpers.js","function":"logMigrationEnd","timestamp":"2024-09-26T02:01:24.362Z"}}
{"level":"info","message":"Starting migration MigrateExecutionStatus1676996103000","metadata":{"file":"migration-helpers.js","function":"logMigrationStart","timestamp":"2024-09-26T02:01:24.369Z"}}
{"level":"info","message":"Finished migration MigrateExecutionStatus1676996103000","metadata":{"file":"migration-helpers.js","function":"logMigrationEnd","timestamp":"2024-09-26T02:01:24.370Z"}}
{"level":"info","message":"Starting migration UpdateRunningExecutionStatus1677237073720","metadata":{"file":"migration-helpers.js","function":"logMigrationStart","timestamp":"2024-09-26T02:01:24.376Z"}}
{"level":"info","message":"Finished migration UpdateRunningExecutionStatus1677237073720","metadata":{"file":"migration-helpers.js","function":"logMigrationEnd","timestamp":"2024-09-26T02:01:24.376Z"}}
{"level":"info","message":"Starting migration CreateVariables1677501636752","metadata":{"file":"migration-helpers.js","function":"logMigrationStart","timestamp":"2024-09-26T02:01:24.455Z"}}
{"level":"info","message":"Finished migration CreateVariables1677501636752","metadata":{"file":"migration-helpers.js","function":"logMigrationEnd","timestamp":"2024-09-26T02:01:24.458Z"}}
{"level":"info","message":"Starting migration CreateExecutionMetadataTable1679416281777","metadata":{"file":"migration-helpers.js","function":"logMigrationStart","timestamp":"2024-09-26T02:01:24.466Z"}}
{"level":"info","message":"Finished migration CreateExecutionMetadataTable1679416281777","metadata":{"file":"migration-helpers.js","function":"logMigrationEnd","timestamp":"2024-09-26T02:01:24.468Z"}}
{"level":"info","message":"Starting migration AddUserActivatedProperty1681134145996","metadata":{"file":"migration-helpers.js","function":"logMigrationStart","timestamp":"2024-09-26T02:01:24.475Z"}}
{"level":"info","message":"Finished migration AddUserActivatedProperty1681134145996","metadata":{"file":"migration-helpers.js","function":"logMigrationEnd","timestamp":"2024-09-26T02:01:24.476Z"}}
{"level":"info","message":"Starting migration RemoveSkipOwnerSetup1681134145997","metadata":{"file":"migration-helpers.js","function":"logMigrationStart","timestamp":"2024-09-26T02:01:24.548Z"}}
{"level":"info","message":"Finished migration RemoveSkipOwnerSetup1681134145997","metadata":{"file":"migration-helpers.js","function":"logMigrationEnd","timestamp":"2024-09-26T02:01:24.549Z"}}
{"level":"info","message":"Starting migration MigrateIntegerKeysToString1690000000002","metadata":{"file":"migration-helpers.js","function":"logMigrationStart","timestamp":"2024-09-26T02:01:24.557Z"}}
{"level":"info","message":"Finished migration MigrateIntegerKeysToString1690000000002","metadata":{"file":"migration-helpers.js","function":"logMigrationEnd","timestamp":"2024-09-26T02:01:24.759Z"}}
{"level":"info","message":"Starting migration SeparateExecutionData1690000000010","metadata":{"file":"migration-helpers.js","function":"logMigrationStart","timestamp":"2024-09-26T02:01:24.767Z"}}
{"level":"info","message":"Finished migration SeparateExecutionData1690000000010","metadata":{"file":"migration-helpers.js","function":"logMigrationEnd","timestamp":"2024-09-26T02:01:24.771Z"}}
{"level":"info","message":"Starting migration FixMissingIndicesFromStringIdMigration1690000000020","metadata":{"file":"migration-helpers.js","function":"logMigrationStart","timestamp":"2024-09-26T02:01:24.855Z"}}
{"level":"info","message":"Finished migration FixMissingIndicesFromStringIdMigration1690000000020","metadata":{"file":"migration-helpers.js","function":"logMigrationEnd","timestamp":"2024-09-26T02:01:24.856Z"}}
{"level":"info","message":"Starting migration RemoveResetPasswordColumns1690000000030","metadata":{"file":"migration-helpers.js","function":"logMigrationStart","timestamp":"2024-09-26T02:01:24.864Z"}}
{"level":"info","message":"Finished migration RemoveResetPasswordColumns1690000000030","metadata":{"file":"migration-helpers.js","function":"logMigrationEnd","timestamp":"2024-09-26T02:01:24.955Z"}}
{"level":"info","message":"Starting migration AddMfaColumns1690000000030","metadata":{"file":"migration-helpers.js","function":"logMigrationStart","timestamp":"2024-09-26T02:01:24.963Z"}}
{"level":"info","message":"Finished migration AddMfaColumns1690000000030","metadata":{"file":"migration-helpers.js","function":"logMigrationEnd","timestamp":"2024-09-26T02:01:24.976Z"}}
{"level":"info","message":"Starting migration CreateWorkflowNameIndex1691088862123","metadata":{"file":"migration-helpers.js","function":"logMigrationStart","timestamp":"2024-09-26T02:01:24.986Z"}}
{"level":"info","message":"Finished migration CreateWorkflowNameIndex1691088862123","metadata":{"file":"migration-helpers.js","function":"logMigrationEnd","timestamp":"2024-09-26T02:01:25.046Z"}}
{"level":"info","message":"Starting migration CreateWorkflowHistoryTable1692967111175","metadata":{"file":"migration-helpers.js","function":"logMigrationStart","timestamp":"2024-09-26T02:01:25.054Z"}}
{"level":"info","message":"Finished migration CreateWorkflowHistoryTable1692967111175","metadata":{"file":"migration-helpers.js","function":"logMigrationEnd","timestamp":"2024-09-26T02:01:25.056Z"}}
{"level":"info","message":"Starting migration ExecutionSoftDelete1693491613982","metadata":{"file":"migration-helpers.js","function":"logMigrationStart","timestamp":"2024-09-26T02:01:25.069Z"}}
{"level":"info","message":"Finished migration ExecutionSoftDelete1693491613982","metadata":{"file":"migration-helpers.js","function":"logMigrationEnd","timestamp":"2024-09-26T02:01:25.158Z"}}
{"level":"info","message":"Starting migration DisallowOrphanExecutions1693554410387","metadata":{"file":"migration-helpers.js","function":"logMigrationStart","timestamp":"2024-09-26T02:01:25.164Z"}}
{"level":"info","message":"Finished migration DisallowOrphanExecutions1693554410387","metadata":{"file":"migration-helpers.js","function":"logMigrationEnd","timestamp":"2024-09-26T02:01:25.249Z"}}
{"level":"info","message":"Starting migration AddWorkflowMetadata1695128658538","metadata":{"file":"migration-helpers.js","function":"logMigrationStart","timestamp":"2024-09-26T02:01:25.257Z"}}
{"level":"info","message":"Finished migration AddWorkflowMetadata1695128658538","metadata":{"file":"migration-helpers.js","function":"logMigrationEnd","timestamp":"2024-09-26T02:01:25.261Z"}}
{"level":"info","message":"Starting migration ModifyWorkflowHistoryNodesAndConnections1695829275184","metadata":{"file":"migration-helpers.js","function":"logMigrationStart","timestamp":"2024-09-26T02:01:25.270Z"}}
{"level":"info","message":"Finished migration ModifyWorkflowHistoryNodesAndConnections1695829275184","metadata":{"file":"migration-helpers.js","function":"logMigrationEnd","timestamp":"2024-09-26T02:01:25.349Z"}}
{"level":"info","message":"Starting migration AddGlobalAdminRole1700571993961","metadata":{"file":"migration-helpers.js","function":"logMigrationStart","timestamp":"2024-09-26T02:01:25.357Z"}}
{"level":"info","message":"Finished migration AddGlobalAdminRole1700571993961","metadata":{"file":"migration-helpers.js","function":"logMigrationEnd","timestamp":"2024-09-26T02:01:25.358Z"}}
{"level":"info","message":"Starting migration DropRoleMapping1705429061930","metadata":{"file":"migration-helpers.js","function":"logMigrationStart","timestamp":"2024-09-26T02:01:25.364Z"}}
{"level":"info","message":"Finished migration DropRoleMapping1705429061930","metadata":{"file":"migration-helpers.js","function":"logMigrationEnd","timestamp":"2024-09-26T02:01:25.663Z"}}
{"level":"info","message":"Starting migration RemoveFailedExecutionStatus1711018413374","metadata":{"file":"migration-helpers.js","function":"logMigrationStart","timestamp":"2024-09-26T02:01:25.669Z"}}
{"level":"info","message":"Finished migration RemoveFailedExecutionStatus1711018413374","metadata":{"file":"migration-helpers.js","function":"logMigrationEnd","timestamp":"2024-09-26T02:01:25.669Z"}}
{"level":"info","message":"Starting migration MoveSshKeysToDatabase1711390882123","metadata":{"file":"migration-helpers.js","function":"logMigrationStart","timestamp":"2024-09-26T02:01:25.676Z"}}
{"level":"info","message":"[MoveSshKeysToDatabase1711390882123] No SSH keys in filesystem, skipping","metadata":{"file":"1711390882123-MoveSshKeysToDatabase.js","function":"up","timestamp":"2024-09-26T02:01:25.676Z"}}
{"level":"info","message":"Finished migration MoveSshKeysToDatabase1711390882123","metadata":{"file":"migration-helpers.js","function":"logMigrationEnd","timestamp":"2024-09-26T02:01:25.677Z"}}
{"level":"info","message":"Starting migration RemoveNodesAccess1712044305787","metadata":{"file":"migration-helpers.js","function":"logMigrationStart","timestamp":"2024-09-26T02:01:25.750Z"}}
{"level":"info","message":"Finished migration RemoveNodesAccess1712044305787","metadata":{"file":"migration-helpers.js","function":"logMigrationEnd","timestamp":"2024-09-26T02:01:25.756Z"}}
{"level":"info","message":"Starting migration CreateProject1714133768519","metadata":{"file":"migration-helpers.js","function":"logMigrationStart","timestamp":"2024-09-26T02:01:25.765Z"}}
{"level":"info","message":"Finished migration CreateProject1714133768519","metadata":{"file":"migration-helpers.js","function":"logMigrationEnd","timestamp":"2024-09-26T02:01:26.149Z"}}
{"level":"info","message":"Starting migration MakeExecutionStatusNonNullable1714133768521","metadata":{"file":"migration-helpers.js","function":"logMigrationStart","timestamp":"2024-09-26T02:01:26.159Z"}}
{"level":"info","message":"Finished migration MakeExecutionStatusNonNullable1714133768521","metadata":{"file":"migration-helpers.js","function":"logMigrationEnd","timestamp":"2024-09-26T02:01:26.168Z"}}
{"level":"info","message":"Starting migration AddActivatedAtUserSetting1717498465931","metadata":{"file":"migration-helpers.js","function":"logMigrationStart","timestamp":"2024-09-26T02:01:26.254Z"}}
{"level":"info","message":"Finished migration AddActivatedAtUserSetting1717498465931","metadata":{"file":"migration-helpers.js","function":"logMigrationEnd","timestamp":"2024-09-26T02:01:26.255Z"}}
{"level":"info","message":"Starting migration AddConstraintToExecutionMetadata1720101653148","metadata":{"file":"migration-helpers.js","function":"logMigrationStart","timestamp":"2024-09-26T02:01:26.264Z"}}
{"level":"info","message":"Finished migration AddConstraintToExecutionMetadata1720101653148","metadata":{"file":"migration-helpers.js","function":"logMigrationEnd","timestamp":"2024-09-26T02:01:26.269Z"}}
{"level":"info","message":"Starting migration CreateInvalidAuthTokenTable1723627610222","metadata":{"file":"migration-helpers.js","function":"logMigrationStart","timestamp":"2024-09-26T02:01:26.277Z"}}
{"level":"info","message":"Finished migration CreateInvalidAuthTokenTable1723627610222","metadata":{"file":"migration-helpers.js","function":"logMigrationEnd","timestamp":"2024-09-26T02:01:26.278Z"}}
{"level":"info","message":"Starting migration RefactorExecutionIndices1723796243146","metadata":{"file":"migration-helpers.js","function":"logMigrationStart","timestamp":"2024-09-26T02:01:26.284Z"}}
{"level":"info","message":"Finished migration RefactorExecutionIndices1723796243146","metadata":{"file":"migration-helpers.js","function":"logMigrationEnd","timestamp":"2024-09-26T02:01:26.348Z"}}
{"level":"info","message":"Starting migration CreateAnnotationTables1724753530828","metadata":{"file":"migration-helpers.js","function":"logMigrationStart","timestamp":"2024-09-26T02:01:26.357Z"}}
{"level":"info","message":"Finished migration CreateAnnotationTables1724753530828","metadata":{"file":"migration-helpers.js","function":"logMigrationEnd","timestamp":"2024-09-26T02:01:26.362Z"}}
{"level":"info","message":"Version: 1.61.0","metadata":{"file":"abstract-server.js","function":"start","timestamp":"2024-09-26T02:01:48.151Z"}}
{"level":"info","message":"Owner was set up successfully","metadata":{"file":"owner.controller.js","function":"setupOwner","timestamp":"2024-09-26T02:05:12.345Z"}}
{"level":"info","message":"User survey updated successfully","metadata":{"file":"me.controller.js","function":"storeSurveyAnswers","timestamp":"2024-09-26T02:05:28.030Z","userId":"beffc09f-1006-49ac-83e5-6bec848e53c5"}}
